<?xml version="1.0" encoding="UTF-8"?>
<!-- Generated by org.testng.reporters.JUnitReportReporter -->
<testsuite skipped="0" hostname="DESKTOP-CTK12GR" name="model.api.ApiTest" tests="4" failures="0" timestamp="2021-10-05T15:21:00 MSK" time="9.029" errors="0">
  <testcase name="putTest" time="0.476" classname="model.api.ApiTest"/>
  <testcase name="deleteTest" time="7.428" classname="model.api.ApiTest"/>
  <testcase name="getTest" time="0.265" classname="model.api.ApiTest"/>
  <testcase name="postTest" time="0.860" classname="model.api.ApiTest"/>
</testsuite> <!-- model.api.ApiTest -->
