<?xml version="1.0" encoding="UTF-8"?>
<!-- Generated by org.testng.reporters.JUnitReportReporter -->
<testsuite skipped="0" hostname="DESKTOP-CTK12GR" name="model.ui.HomePageTest" tests="2" failures="0" timestamp="2021-09-20T20:18:36 MSK" time="33.215" errors="0">
  <testcase name="deleteEntryOnSite" time="17.112" classname="model.ui.HomePageTest"/>
  <testcase name="createNewEntryOnSite" time="16.103" classname="model.ui.HomePageTest"/>
</testsuite> <!-- model.ui.HomePageTest -->
