<?xml version="1.0" encoding="UTF-8"?>
<!-- Generated by org.testng.reporters.JUnitReportReporter -->
<testsuite skipped="0" hostname="DESKTOP-CTK12GR" name="model.ui.HomePageTest" tests="2" failures="0" timestamp="2021-09-28T14:38:30 MSK" time="31.777" errors="0">
  <testcase name="createNewEntryOnSite" time="19.753" classname="model.ui.HomePageTest"/>
  <testcase name="deleteEntryOnSite" time="12.024" classname="model.ui.HomePageTest"/>
</testsuite> <!-- model.ui.HomePageTest -->
