<?xml version="1.0" encoding="UTF-8"?>
<!-- Generated by org.testng.reporters.JUnitReportReporter -->
<testsuite skipped="0" hostname="DESKTOP-CTK12GR" name="model.ui.LoginPageTest" tests="6" failures="0" timestamp="2021-10-05T15:21:00 MSK" time="81.558" errors="0">
  <testcase name="logout" time="16.163" classname="model.ui.LoginPageTest"/>
  <testcase name="Login" time="11.472" classname="model.ui.LoginPageTest"/>
  <testcase name="loginDataShouldBeRequired" time="10.443" classname="model.ui.LoginPageTest"/>
  <testcase name="loginDataShouldBeRequired" time="14.593" classname="model.ui.LoginPageTest"/>
  <testcase name="correctLoginDataShouldBeRequired" time="14.433" classname="model.ui.LoginPageTest"/>
  <testcase name="correctLoginDataShouldBeRequired" time="14.454" classname="model.ui.LoginPageTest"/>
</testsuite> <!-- model.ui.LoginPageTest -->
