<?xml version="1.0" encoding="UTF-8"?>
<!-- Generated by org.testng.reporters.JUnitReportReporter -->
<testsuite skipped="0" hostname="DESKTOP-CTK12GR" name="model.api.ApiTest" tests="4" failures="0" timestamp="2021-09-25T00:13:11 MSK" time="7.144" errors="0">
  <testcase name="deleteTest" time="5.557" classname="model.api.ApiTest"/>
  <testcase name="getTest" time="0.248" classname="model.api.ApiTest"/>
  <testcase name="putTest" time="0.532" classname="model.api.ApiTest"/>
  <testcase name="postTest" time="0.807" classname="model.api.ApiTest"/>
</testsuite> <!-- model.api.ApiTest -->
