<?xml version="1.0" encoding="UTF-8"?>
<!-- Generated by org.testng.reporters.JUnitReportReporter -->
<testsuite skipped="0" hostname="DESKTOP-CTK12GR" name="model.ui.HomePageTest" tests="2" failures="0" timestamp="2021-10-05T15:21:00 MSK" time="32.710" errors="0">
  <testcase name="deleteEntryOnSite" time="10.828" classname="model.ui.HomePageTest"/>
  <testcase name="createNewEntryOnSite" time="21.882" classname="model.ui.HomePageTest"/>
</testsuite> <!-- model.ui.HomePageTest -->
