<?xml version="1.0" encoding="UTF-8"?>
<!-- Generated by org.testng.reporters.JUnitReportReporter -->
<testsuite skipped="0" hostname="DESKTOP-CTK12GR" name="model.ui.HomePageTest" tests="2" failures="0" timestamp="2021-09-25T00:13:11 MSK" time="14.689" errors="0">
  <testcase name="createNewEntryOnSite" time="4.962" classname="model.ui.HomePageTest"/>
  <testcase name="deleteEntryOnSite" time="9.727" classname="model.ui.HomePageTest"/>
</testsuite> <!-- model.ui.HomePageTest -->
