<?xml version="1.0" encoding="UTF-8"?>
<!-- Generated by org.testng.reporters.JUnitReportReporter -->
<testsuite skipped="0" hostname="DESKTOP-CTK12GR" name="model.ui.LoginPageTest" tests="6" failures="0" timestamp="2021-09-25T00:13:11 MSK" time="21.117" errors="0">
  <testcase name="correctLoginDataShouldBeRequired" time="3.677" classname="model.ui.LoginPageTest"/>
  <testcase name="logout" time="4.130" classname="model.ui.LoginPageTest"/>
  <testcase name="loginDataShouldBeRequired" time="3.538" classname="model.ui.LoginPageTest"/>
  <testcase name="Login" time="2.977" classname="model.ui.LoginPageTest"/>
  <testcase name="correctLoginDataShouldBeRequired" time="3.713" classname="model.ui.LoginPageTest"/>
  <testcase name="loginDataShouldBeRequired" time="3.082" classname="model.ui.LoginPageTest"/>
</testsuite> <!-- model.ui.LoginPageTest -->
