<?xml version="1.0" encoding="UTF-8"?>
<!-- Generated by org.testng.reporters.JUnitReportReporter -->
<testsuite skipped="0" hostname="DESKTOP-CTK12GR" name="model.ui.LoginPageTest" tests="6" failures="0" timestamp="2021-09-28T14:38:30 MSK" time="92.209" errors="0">
  <testcase name="loginDataShouldBeRequired" time="15.587" classname="model.ui.LoginPageTest"/>
  <testcase name="Login" time="15.701" classname="model.ui.LoginPageTest"/>
  <testcase name="loginDataShouldBeRequired" time="11.593" classname="model.ui.LoginPageTest"/>
  <testcase name="logout" time="17.173" classname="model.ui.LoginPageTest"/>
  <testcase name="correctLoginDataShouldBeRequired" time="16.116" classname="model.ui.LoginPageTest"/>
  <testcase name="correctLoginDataShouldBeRequired" time="16.039" classname="model.ui.LoginPageTest"/>
</testsuite> <!-- model.ui.LoginPageTest -->
