<?xml version="1.0" encoding="UTF-8"?>
<!-- Generated by org.testng.reporters.JUnitReportReporter -->
<testsuite skipped="0" hostname="DESKTOP-CTK12GR" name="model.api.ApiTest" tests="4" failures="0" timestamp="2021-09-20T20:18:36 MSK" time="9.073" errors="0">
  <testcase name="getTest" time="0.858" classname="model.api.ApiTest"/>
  <testcase name="deleteTest" time="6.722" classname="model.api.ApiTest"/>
  <testcase name="putTest" time="0.591" classname="model.api.ApiTest"/>
  <testcase name="postTest" time="0.902" classname="model.api.ApiTest"/>
</testsuite> <!-- model.api.ApiTest -->
