<?xml version="1.0" encoding="UTF-8"?>
<!-- Generated by org.testng.reporters.JUnitReportReporter -->
<testsuite skipped="0" hostname="DESKTOP-CTK12GR" name="model.ui.LoginPageTest" tests="6" failures="0" timestamp="2021-09-20T20:18:36 MSK" time="93.586" errors="0">
  <testcase name="Login" time="6.821" classname="model.ui.LoginPageTest"/>
  <testcase name="correctLoginDataShouldBeRequired" time="8.670" classname="model.ui.LoginPageTest"/>
  <testcase name="loginDataShouldBeRequired" time="15.009" classname="model.ui.LoginPageTest"/>
  <testcase name="loginDataShouldBeRequired" time="23.102" classname="model.ui.LoginPageTest"/>
  <testcase name="correctLoginDataShouldBeRequired" time="23.428" classname="model.ui.LoginPageTest"/>
  <testcase name="logout" time="16.556" classname="model.ui.LoginPageTest"/>
</testsuite> <!-- model.ui.LoginPageTest -->
