<?xml version="1.0" encoding="UTF-8"?>
<!-- Generated by org.testng.reporters.JUnitReportReporter -->
<testsuite skipped="0" hostname="DESKTOP-CTK12GR" name="model.api.ApiTest" tests="4" failures="0" timestamp="2021-09-28T14:38:30 MSK" time="8.196" errors="0">
  <testcase name="getTest" time="0.388" classname="model.api.ApiTest"/>
  <testcase name="putTest" time="0.497" classname="model.api.ApiTest"/>
  <testcase name="postTest" time="0.979" classname="model.api.ApiTest"/>
  <testcase name="deleteTest" time="6.332" classname="model.api.ApiTest"/>
</testsuite> <!-- model.api.ApiTest -->
