<?xml version="1.0" encoding="UTF-8"?>
<!-- Generated by org.testng.reporters.JUnitReportReporter -->
<testsuite skipped="0" hostname="DESKTOP-CTK12GR" name="model.api.ApiTest" tests="4" failures="0" timestamp="2021-09-26T16:35:08 MSK" time="7.586" errors="0">
  <testcase name="putTest" time="0.373" classname="model.api.ApiTest"/>
  <testcase name="deleteTest" time="6.165" classname="model.api.ApiTest"/>
  <testcase name="getTest" time="0.265" classname="model.api.ApiTest"/>
  <testcase name="postTest" time="0.783" classname="model.api.ApiTest"/>
</testsuite> <!-- model.api.ApiTest -->
